<?xml version="1.0" encoding="UTF-8"?>
<testng-results skipped="0" failed="0" ignored="0" total="1" passed="1">
  <reporter-output>
  </reporter-output>
  <suite name="Suite" duration-ms="361" started-at="2022-08-19T11:34:19Z" finished-at="2022-08-19T11:34:19Z">
    <groups>
    </groups>
    <test name="Test" duration-ms="361" started-at="2022-08-19T11:34:19Z" finished-at="2022-08-19T11:34:19Z">
      <class name="com.nybula.Sample">
        <test-method status="PASS" signature="setUp()[pri:0, instance:com.nybula.Sample@2bd765]" name="setUp" is-config="true" duration-ms="20805" started-at="2022-08-19T11:33:58Z" finished-at="2022-08-19T11:34:19Z">
          <reporter-output>
          </reporter-output>
        </test-method> <!-- setUp -->
        <test-method status="PASS" signature="method1()[pri:0, instance:com.nybula.Sample@2bd765]" name="method1" duration-ms="300" started-at="2022-08-19T11:34:19Z" finished-at="2022-08-19T11:34:19Z">
          <reporter-output>
          </reporter-output>
        </test-method> <!-- method1 -->
        <test-method status="PASS" signature="tearDown()[pri:0, instance:com.nybula.Sample@2bd765]" name="tearDown" is-config="true" duration-ms="441" started-at="2022-08-19T11:34:19Z" finished-at="2022-08-19T11:34:20Z">
          <reporter-output>
          </reporter-output>
        </test-method> <!-- tearDown -->
      </class> <!-- com.nybula.Sample -->
    </test> <!-- Test -->
  </suite> <!-- Suite -->
</testng-results>
