<?xml version="1.0" encoding="UTF-8"?>
<testng-results skipped="0" failed="0" ignored="0" total="1" passed="1">
  <reporter-output>
  </reporter-output>
  <suite name="Default suite" duration-ms="111" started-at="2022-08-19T10:59:26Z" finished-at="2022-08-19T10:59:26Z">
    <groups>
    </groups>
    <test name="Default test" duration-ms="111" started-at="2022-08-19T10:59:26Z" finished-at="2022-08-19T10:59:26Z">
      <class name="com.nybula.Sample">
        <test-method status="PASS" signature="setUp()[pri:0, instance:com.nybula.Sample@1f9eccc]" name="setUp" is-config="true" duration-ms="19512" started-at="2022-08-19T10:59:06Z" finished-at="2022-08-19T10:59:26Z">
          <reporter-output>
          </reporter-output>
        </test-method> <!-- setUp -->
        <test-method status="PASS" signature="method1()[pri:0, instance:com.nybula.Sample@1f9eccc]" name="method1" duration-ms="33" started-at="2022-08-19T10:59:26Z" finished-at="2022-08-19T10:59:26Z">
          <reporter-output>
          </reporter-output>
        </test-method> <!-- method1 -->
        <test-method status="PASS" signature="tearDown()[pri:0, instance:com.nybula.Sample@1f9eccc]" name="tearDown" is-config="true" duration-ms="269" started-at="2022-08-19T10:59:26Z" finished-at="2022-08-19T10:59:26Z">
          <reporter-output>
          </reporter-output>
        </test-method> <!-- tearDown -->
      </class> <!-- com.nybula.Sample -->
    </test> <!-- Default test -->
  </suite> <!-- Default suite -->
</testng-results>
